Analysis & Elaboration report for UART
Thu Jan 07 22:06:26 2021
Quartus Prime Version 20.1.0 Build 711 06/05/2020 SJ Lite Edition


---------------------
; Table of Contents ;
---------------------
  1. Legal Notice
  2. Analysis & Elaboration Summary
  3. Parallel Compilation
  4. Analysis & Elaboration Settings
  5. Port Connectivity Checks: "Memory:Memory_definition|FF:FF_LOAD_TX"
  6. Port Connectivity Checks: "Memory:Memory_definition|FF:FF_ERR"
  7. Port Connectivity Checks: "Memory:Memory_definition|FF:FF_TX_EMPTY"
  8. Port Connectivity Checks: "Memory:Memory_definition|FF:FF_RX_FULL"
  9. Port Connectivity Checks: "BI:BI_definition|datapath_bi:label_datapath_bi|mux_2_to_1_8_bits:out_mux"
 10. Port Connectivity Checks: "BI:BI_definition|datapath_bi:label_datapath_bi|pipeline_reg_8_bits:pipe_reg"
 11. Port Connectivity Checks: "TX:TX_definition|datapath:label_datapath|shift_10_bits:shift_register"
 12. Port Connectivity Checks: "RX:RX_definition|datapath_rx:label_datapath_rx|sipo_10:data_reg"
 13. Port Connectivity Checks: "RX:RX_definition|datapath_rx:label_datapath_rx|sipo_8:samples_reg"
 14. Analysis & Elaboration Messages



----------------
; Legal Notice ;
----------------
Copyright (C) 2020  Intel Corporation. All rights reserved.
Your use of Intel Corporation's design tools, logic functions 
and other software and tools, and any partner logic 
functions, and any output files from any of the foregoing 
(including device programming or simulation files), and any 
associated documentation or information are expressly subject 
to the terms and conditions of the Intel Program License 
Subscription Agreement, the Intel Quartus Prime License Agreement,
the Intel FPGA IP License Agreement, or other applicable license
agreement, including, without limitation, that your use is for
the sole purpose of programming logic devices manufactured by
Intel and sold by Intel or its authorized distributors.  Please
refer to the applicable agreement for further details, at
https://fpgasoftware.intel.com/eula.



+-----------------------------------------------------------------------------+
; Analysis & Elaboration Summary                                              ;
+-------------------------------+---------------------------------------------+
; Analysis & Elaboration Status ; Successful - Thu Jan 07 22:06:26 2021       ;
; Quartus Prime Version         ; 20.1.0 Build 711 06/05/2020 SJ Lite Edition ;
; Revision Name                 ; UART                                        ;
; Top-level Entity Name         ; UART                                        ;
; Family                        ; Cyclone V                                   ;
; Logic utilization (in ALMs)   ; N/A until Partition Merge                   ;
; Total registers               ; N/A until Partition Merge                   ;
; Total pins                    ; N/A until Partition Merge                   ;
; Total virtual pins            ; N/A until Partition Merge                   ;
; Total block memory bits       ; N/A until Partition Merge                   ;
; Total PLLs                    ; N/A until Partition Merge                   ;
; Total DLLs                    ; N/A until Partition Merge                   ;
+-------------------------------+---------------------------------------------+


+------------------------------------------+
; Parallel Compilation                     ;
+----------------------------+-------------+
; Processors                 ; Number      ;
+----------------------------+-------------+
; Number detected on machine ; 4           ;
; Maximum allowed            ; 2           ;
;                            ;             ;
; Average used               ; 1.00        ;
; Maximum used               ; 1           ;
;                            ;             ;
; Usage by Processor         ; % Time Used ;
;     Processor 1            ; 100.0%      ;
+----------------------------+-------------+


+---------------------------------------------------------------------------------------------------------------------------+
; Analysis & Elaboration Settings                                                                                           ;
+---------------------------------------------------------------------------------+--------------------+--------------------+
; Option                                                                          ; Setting            ; Default Value      ;
+---------------------------------------------------------------------------------+--------------------+--------------------+
; Device                                                                          ; 5CGXFC7C7F23C8     ;                    ;
; Top-level entity name                                                           ; UART               ; UART               ;
; Family name                                                                     ; Cyclone V          ; Cyclone V          ;
; Use smart compilation                                                           ; Off                ; Off                ;
; Enable parallel Assembler and Timing Analyzer during compilation                ; On                 ; On                 ;
; Enable compact report table                                                     ; Off                ; Off                ;
; Restructure Multiplexers                                                        ; Auto               ; Auto               ;
; MLAB Add Timing Constraints For Mixed-Port Feed-Through Mode Setting Don't Care ; Off                ; Off                ;
; Create Debugging Nodes for IP Cores                                             ; Off                ; Off                ;
; Preserve fewer node names                                                       ; On                 ; On                 ;
; Intel FPGA IP Evaluation Mode                                                   ; Enable             ; Enable             ;
; Verilog Version                                                                 ; Verilog_2001       ; Verilog_2001       ;
; VHDL Version                                                                    ; VHDL_1993          ; VHDL_1993          ;
; State Machine Processing                                                        ; Auto               ; Auto               ;
; Safe State Machine                                                              ; Off                ; Off                ;
; Extract Verilog State Machines                                                  ; On                 ; On                 ;
; Extract VHDL State Machines                                                     ; On                 ; On                 ;
; Ignore Verilog initial constructs                                               ; Off                ; Off                ;
; Iteration limit for constant Verilog loops                                      ; 5000               ; 5000               ;
; Iteration limit for non-constant Verilog loops                                  ; 250                ; 250                ;
; Add Pass-Through Logic to Inferred RAMs                                         ; On                 ; On                 ;
; Infer RAMs from Raw Logic                                                       ; On                 ; On                 ;
; Parallel Synthesis                                                              ; On                 ; On                 ;
; DSP Block Balancing                                                             ; Auto               ; Auto               ;
; NOT Gate Push-Back                                                              ; On                 ; On                 ;
; Power-Up Don't Care                                                             ; On                 ; On                 ;
; Remove Redundant Logic Cells                                                    ; Off                ; Off                ;
; Remove Duplicate Registers                                                      ; On                 ; On                 ;
; Ignore CARRY Buffers                                                            ; Off                ; Off                ;
; Ignore CASCADE Buffers                                                          ; Off                ; Off                ;
; Ignore GLOBAL Buffers                                                           ; Off                ; Off                ;
; Ignore ROW GLOBAL Buffers                                                       ; Off                ; Off                ;
; Ignore LCELL Buffers                                                            ; Off                ; Off                ;
; Ignore SOFT Buffers                                                             ; On                 ; On                 ;
; Limit AHDL Integers to 32 Bits                                                  ; Off                ; Off                ;
; Optimization Technique                                                          ; Balanced           ; Balanced           ;
; Carry Chain Length                                                              ; 70                 ; 70                 ;
; Auto Carry Chains                                                               ; On                 ; On                 ;
; Auto Open-Drain Pins                                                            ; On                 ; On                 ;
; Perform WYSIWYG Primitive Resynthesis                                           ; Off                ; Off                ;
; Auto ROM Replacement                                                            ; On                 ; On                 ;
; Auto RAM Replacement                                                            ; On                 ; On                 ;
; Auto DSP Block Replacement                                                      ; On                 ; On                 ;
; Auto Shift Register Replacement                                                 ; Auto               ; Auto               ;
; Allow Shift Register Merging across Hierarchies                                 ; Auto               ; Auto               ;
; Auto Clock Enable Replacement                                                   ; On                 ; On                 ;
; Strict RAM Replacement                                                          ; Off                ; Off                ;
; Allow Synchronous Control Signals                                               ; On                 ; On                 ;
; Force Use of Synchronous Clear Signals                                          ; Off                ; Off                ;
; Auto Resource Sharing                                                           ; Off                ; Off                ;
; Allow Any RAM Size For Recognition                                              ; Off                ; Off                ;
; Allow Any ROM Size For Recognition                                              ; Off                ; Off                ;
; Allow Any Shift Register Size For Recognition                                   ; Off                ; Off                ;
; Use LogicLock Constraints during Resource Balancing                             ; On                 ; On                 ;
; Ignore translate_off and synthesis_off directives                               ; Off                ; Off                ;
; Timing-Driven Synthesis                                                         ; On                 ; On                 ;
; Report Parameter Settings                                                       ; On                 ; On                 ;
; Report Source Assignments                                                       ; On                 ; On                 ;
; Report Connectivity Checks                                                      ; On                 ; On                 ;
; Ignore Maximum Fan-Out Assignments                                              ; Off                ; Off                ;
; Synchronization Register Chain Length                                           ; 3                  ; 3                  ;
; Power Optimization During Synthesis                                             ; Normal compilation ; Normal compilation ;
; HDL message level                                                               ; Level2             ; Level2             ;
; Suppress Register Optimization Related Messages                                 ; Off                ; Off                ;
; Number of Removed Registers Reported in Synthesis Report                        ; 5000               ; 5000               ;
; Number of Swept Nodes Reported in Synthesis Report                              ; 5000               ; 5000               ;
; Number of Inverted Registers Reported in Synthesis Report                       ; 100                ; 100                ;
; Clock MUX Protection                                                            ; On                 ; On                 ;
; Auto Gated Clock Conversion                                                     ; Off                ; Off                ;
; Block Design Naming                                                             ; Auto               ; Auto               ;
; SDC constraint protection                                                       ; Off                ; Off                ;
; Synthesis Effort                                                                ; Auto               ; Auto               ;
; Shift Register Replacement - Allow Asynchronous Clear Signal                    ; On                 ; On                 ;
; Pre-Mapping Resynthesis Optimization                                            ; Off                ; Off                ;
; Analysis & Synthesis Message Level                                              ; Medium             ; Medium             ;
; Disable Register Merging Across Hierarchies                                     ; Auto               ; Auto               ;
; Resource Aware Inference For Block RAM                                          ; On                 ; On                 ;
; Automatic Parallel Synthesis                                                    ; On                 ; On                 ;
; Partial Reconfiguration Bitstream ID                                            ; Off                ; Off                ;
+---------------------------------------------------------------------------------+--------------------+--------------------+


+--------------------------------------------------------------------+
; Port Connectivity Checks: "Memory:Memory_definition|FF:FF_LOAD_TX" ;
+-------------+-------+----------+-----------------------------------+
; Port        ; Type  ; Severity ; Details                           ;
+-------------+-------+----------+-----------------------------------+
; load        ; Input ; Info     ; Stuck at VCC                      ;
; reset_value ; Input ; Info     ; Stuck at GND                      ;
+-------------+-------+----------+-----------------------------------+


+----------------------------------------------------------------+
; Port Connectivity Checks: "Memory:Memory_definition|FF:FF_ERR" ;
+-------------+-------+----------+-------------------------------+
; Port        ; Type  ; Severity ; Details                       ;
+-------------+-------+----------+-------------------------------+
; reset_value ; Input ; Info     ; Stuck at GND                  ;
+-------------+-------+----------+-------------------------------+


+---------------------------------------------------------------------+
; Port Connectivity Checks: "Memory:Memory_definition|FF:FF_TX_EMPTY" ;
+-------------+-------+----------+------------------------------------+
; Port        ; Type  ; Severity ; Details                            ;
+-------------+-------+----------+------------------------------------+
; reset_value ; Input ; Info     ; Stuck at VCC                       ;
+-------------+-------+----------+------------------------------------+


+--------------------------------------------------------------------+
; Port Connectivity Checks: "Memory:Memory_definition|FF:FF_RX_FULL" ;
+-------------+-------+----------+-----------------------------------+
; Port        ; Type  ; Severity ; Details                           ;
+-------------+-------+----------+-----------------------------------+
; reset_value ; Input ; Info     ; Stuck at GND                      ;
+-------------+-------+----------+-----------------------------------+


+------------------------------------------------------------------------------------------------------+
; Port Connectivity Checks: "BI:BI_definition|datapath_bi:label_datapath_bi|mux_2_to_1_8_bits:out_mux" ;
+------------+-------+----------+----------------------------------------------------------------------+
; Port       ; Type  ; Severity ; Details                                                              ;
+------------+-------+----------+----------------------------------------------------------------------+
; in_1[7..3] ; Input ; Info     ; Stuck at GND                                                         ;
+------------+-------+----------+----------------------------------------------------------------------+


+---------------------------------------------------------------------------------------------------------+
; Port Connectivity Checks: "BI:BI_definition|datapath_bi:label_datapath_bi|pipeline_reg_8_bits:pipe_reg" ;
+--------+-------+----------+-----------------------------------------------------------------------------+
; Port   ; Type  ; Severity ; Details                                                                     ;
+--------+-------+----------+-----------------------------------------------------------------------------+
; enable ; Input ; Info     ; Stuck at VCC                                                                ;
+--------+-------+----------+-----------------------------------------------------------------------------+


+---------------------------------------------------------------------------------------------------+
; Port Connectivity Checks: "TX:TX_definition|datapath:label_datapath|shift_10_bits:shift_register" ;
+---------+-------+----------+----------------------------------------------------------------------+
; Port    ; Type  ; Severity ; Details                                                              ;
+---------+-------+----------+----------------------------------------------------------------------+
; p_in[9] ; Input ; Info     ; Stuck at GND                                                         ;
; p_in[0] ; Input ; Info     ; Stuck at VCC                                                         ;
; sr_in   ; Input ; Info     ; Stuck at VCC                                                         ;
+---------+-------+----------+----------------------------------------------------------------------+


+--------------------------------------------------------------------------------------------------------------------+
; Port Connectivity Checks: "RX:RX_definition|datapath_rx:label_datapath_rx|sipo_10:data_reg"                        ;
+----------+--------+----------+-------------------------------------------------------------------------------------+
; Port     ; Type   ; Severity ; Details                                                                             ;
+----------+--------+----------+-------------------------------------------------------------------------------------+
; p_out[9] ; Output ; Info     ; Connected to dangling logic. Logic that only feeds a dangling port will be removed. ;
; p_out[0] ; Output ; Info     ; Connected to dangling logic. Logic that only feeds a dangling port will be removed. ;
+----------+--------+----------+-------------------------------------------------------------------------------------+


+-----------------------------------------------------------------------------------------------------------------------+
; Port Connectivity Checks: "RX:RX_definition|datapath_rx:label_datapath_rx|sipo_8:samples_reg"                         ;
+-------------+--------+----------+-------------------------------------------------------------------------------------+
; Port        ; Type   ; Severity ; Details                                                                             ;
+-------------+--------+----------+-------------------------------------------------------------------------------------+
; p_out[1..0] ; Output ; Info     ; Connected to dangling logic. Logic that only feeds a dangling port will be removed. ;
; p_out[7]    ; Output ; Info     ; Connected to dangling logic. Logic that only feeds a dangling port will be removed. ;
; p_out[5]    ; Output ; Info     ; Connected to dangling logic. Logic that only feeds a dangling port will be removed. ;
; p_out[3]    ; Output ; Info     ; Connected to dangling logic. Logic that only feeds a dangling port will be removed. ;
+-------------+--------+----------+-------------------------------------------------------------------------------------+


+---------------------------------+
; Analysis & Elaboration Messages ;
+---------------------------------+
Info: *******************************************************************
Info: Running Quartus Prime Analysis & Elaboration
    Info: Version 20.1.0 Build 711 06/05/2020 SJ Lite Edition
    Info: Processing started: Thu Jan 07 22:06:13 2021
Info: Command: quartus_map --read_settings_files=on --write_settings_files=off UART -c UART --analysis_and_elaboration
Warning (18236): Number of processors has not been specified which may cause overloading on shared machines.  Set the global assignment NUM_PARALLEL_PROCESSORS in your QSF to an appropriate value for best performance.
Info (20030): Parallel compilation is enabled and will use 2 of the 2 processors detected
Info (12021): Found 2 design units, including 1 entities, in source file tx.vhd
    Info (12022): Found design unit 1: TX-rtl File: C:/Users/Luca Fumarola/Desktop/RS232/UART/UART/TX.vhd Line: 17
    Info (12023): Found entity 1: TX File: C:/Users/Luca Fumarola/Desktop/RS232/UART/UART/TX.vhd Line: 4
Info (12021): Found 2 design units, including 1 entities, in source file sipo_10.vhd
    Info (12022): Found design unit 1: sipo_10-rtl File: C:/Users/Luca Fumarola/Desktop/RS232/UART/UART/sipo_10.vhd Line: 15
    Info (12023): Found entity 1: sipo_10 File: C:/Users/Luca Fumarola/Desktop/RS232/UART/UART/sipo_10.vhd Line: 4
Info (12021): Found 2 design units, including 1 entities, in source file sipo_8.vhd
    Info (12022): Found design unit 1: sipo_8-rtl File: C:/Users/Luca Fumarola/Desktop/RS232/UART/UART/sipo_8.vhd Line: 15
    Info (12023): Found entity 1: sipo_8 File: C:/Users/Luca Fumarola/Desktop/RS232/UART/UART/sipo_8.vhd Line: 4
Info (12021): Found 2 design units, including 1 entities, in source file shift_10_bits.vhd
    Info (12022): Found design unit 1: shift_10_bits-rtl File: C:/Users/Luca Fumarola/Desktop/RS232/UART/UART/shift_10_bits.vhd Line: 17
    Info (12023): Found entity 1: shift_10_bits File: C:/Users/Luca Fumarola/Desktop/RS232/UART/UART/shift_10_bits.vhd Line: 4
Info (12021): Found 2 design units, including 1 entities, in source file rx.vhd
    Info (12022): Found design unit 1: RX-rtl File: C:/Users/Luca Fumarola/Desktop/RS232/UART/UART/RX.vhd Line: 17
    Info (12023): Found entity 1: RX File: C:/Users/Luca Fumarola/Desktop/RS232/UART/UART/RX.vhd Line: 4
Info (12021): Found 2 design units, including 1 entities, in source file pipo_8.vhd
    Info (12022): Found design unit 1: PIPO_8-rtl File: C:/Users/Luca Fumarola/Desktop/RS232/UART/UART/PIPO_8.vhd Line: 15
    Info (12023): Found entity 1: PIPO_8 File: C:/Users/Luca Fumarola/Desktop/RS232/UART/UART/PIPO_8.vhd Line: 4
Info (12021): Found 2 design units, including 1 entities, in source file pipo_2.vhd
    Info (12022): Found design unit 1: PIPO_2-rtl File: C:/Users/Luca Fumarola/Desktop/RS232/UART/UART/PIPO_2.vhd Line: 15
    Info (12023): Found entity 1: PIPO_2 File: C:/Users/Luca Fumarola/Desktop/RS232/UART/UART/PIPO_2.vhd Line: 4
Info (12021): Found 2 design units, including 1 entities, in source file pipeline_reg_8_bits.vhd
    Info (12022): Found design unit 1: pipeline_reg_8_bits-behaviour File: C:/Users/Luca Fumarola/Desktop/RS232/UART/UART/pipeline_reg_8_bits.vhd Line: 14
    Info (12023): Found entity 1: pipeline_reg_8_bits File: C:/Users/Luca Fumarola/Desktop/RS232/UART/UART/pipeline_reg_8_bits.vhd Line: 4
Info (12021): Found 2 design units, including 1 entities, in source file mux_2_to_1_8_bits.vhd
    Info (12022): Found design unit 1: mux_2_to_1_8_bits-behaviour File: C:/Users/Luca Fumarola/Desktop/RS232/UART/UART/mux_2_to_1_8_bits.vhd Line: 16
    Info (12023): Found entity 1: mux_2_to_1_8_bits File: C:/Users/Luca Fumarola/Desktop/RS232/UART/UART/mux_2_to_1_8_bits.vhd Line: 4
Info (12021): Found 2 design units, including 1 entities, in source file memory.vhd
    Info (12022): Found design unit 1: Memory-behaviour File: C:/Users/Luca Fumarola/Desktop/RS232/UART/UART/Memory.vhd Line: 21
    Info (12023): Found entity 1: Memory File: C:/Users/Luca Fumarola/Desktop/RS232/UART/UART/Memory.vhd Line: 4
Info (12021): Found 2 design units, including 1 entities, in source file fsm_rx.vhd
    Info (12022): Found design unit 1: fsm_rx-BEHAVIOUR File: C:/Users/Luca Fumarola/Desktop/RS232/UART/UART/fsm_rx.vhd Line: 11
    Info (12023): Found entity 1: fsm_rx File: C:/Users/Luca Fumarola/Desktop/RS232/UART/UART/fsm_rx.vhd Line: 5
Info (12021): Found 2 design units, including 1 entities, in source file fsm_bi.vhd
    Info (12022): Found design unit 1: fsm_bi-BEHAVIOUR File: C:/Users/Luca Fumarola/Desktop/RS232/UART/UART/fsm_bi.vhd Line: 26
    Info (12023): Found entity 1: fsm_bi File: C:/Users/Luca Fumarola/Desktop/RS232/UART/UART/fsm_bi.vhd Line: 5
Info (12021): Found 2 design units, including 1 entities, in source file fsm.vhd
    Info (12022): Found design unit 1: fsm-BEHAVIOUR File: C:/Users/Luca Fumarola/Desktop/RS232/UART/UART/fsm.vhd Line: 11
    Info (12023): Found entity 1: fsm File: C:/Users/Luca Fumarola/Desktop/RS232/UART/UART/fsm.vhd Line: 5
Info (12021): Found 2 design units, including 1 entities, in source file ff.vhd
    Info (12022): Found design unit 1: FF-rtl File: C:/Users/Luca Fumarola/Desktop/RS232/UART/UART/FF.vhd Line: 15
    Info (12023): Found entity 1: FF File: C:/Users/Luca Fumarola/Desktop/RS232/UART/UART/FF.vhd Line: 4
Info (12021): Found 2 design units, including 1 entities, in source file datapath_rx.vhd
    Info (12022): Found design unit 1: datapath_rx-rtl File: C:/Users/Luca Fumarola/Desktop/RS232/UART/UART/datapath_rx.vhd Line: 18
    Info (12023): Found entity 1: datapath_rx File: C:/Users/Luca Fumarola/Desktop/RS232/UART/UART/datapath_rx.vhd Line: 4
Info (12021): Found 2 design units, including 1 entities, in source file datapath_bi.vhd
    Info (12022): Found design unit 1: datapath_bi-rtl File: C:/Users/Luca Fumarola/Desktop/RS232/UART/UART/datapath_bi.vhd Line: 19
    Info (12023): Found entity 1: datapath_bi File: C:/Users/Luca Fumarola/Desktop/RS232/UART/UART/datapath_bi.vhd Line: 4
Info (12021): Found 2 design units, including 1 entities, in source file datapath.vhd
    Info (12022): Found design unit 1: datapath-rtl File: C:/Users/Luca Fumarola/Desktop/RS232/UART/UART/datapath.vhd Line: 17
    Info (12023): Found entity 1: datapath File: C:/Users/Luca Fumarola/Desktop/RS232/UART/UART/datapath.vhd Line: 4
Info (12021): Found 2 design units, including 1 entities, in source file counter_wait.vhd
    Info (12022): Found design unit 1: counter_wait-rtl File: C:/Users/Luca Fumarola/Desktop/RS232/UART/UART/counter_wait.vhd Line: 17
    Info (12023): Found entity 1: counter_wait File: C:/Users/Luca Fumarola/Desktop/RS232/UART/UART/counter_wait.vhd Line: 6
Info (12021): Found 2 design units, including 1 entities, in source file counter_fsm.vhd
    Info (12022): Found design unit 1: counter_fsm-rtl File: C:/Users/Luca Fumarola/Desktop/RS232/UART/UART/counter_fsm.vhd Line: 17
    Info (12023): Found entity 1: counter_fsm File: C:/Users/Luca Fumarola/Desktop/RS232/UART/UART/counter_fsm.vhd Line: 6
Info (12021): Found 2 design units, including 1 entities, in source file counter_16.vhd
    Info (12022): Found design unit 1: counter_16-rtl File: C:/Users/Luca Fumarola/Desktop/RS232/UART/UART/counter_16.vhd Line: 19
    Info (12023): Found entity 1: counter_16 File: C:/Users/Luca Fumarola/Desktop/RS232/UART/UART/counter_16.vhd Line: 8
Info (12021): Found 2 design units, including 1 entities, in source file counter_10.vhd
    Info (12022): Found design unit 1: counter_10-rtl File: C:/Users/Luca Fumarola/Desktop/RS232/UART/UART/counter_10.vhd Line: 17
    Info (12023): Found entity 1: counter_10 File: C:/Users/Luca Fumarola/Desktop/RS232/UART/UART/counter_10.vhd Line: 6
Info (12021): Found 2 design units, including 1 entities, in source file counter_8.vhd
    Info (12022): Found design unit 1: counter_8-rtl File: C:/Users/Luca Fumarola/Desktop/RS232/UART/UART/counter_8.vhd Line: 17
    Info (12023): Found entity 1: counter_8 File: C:/Users/Luca Fumarola/Desktop/RS232/UART/UART/counter_8.vhd Line: 6
Info (12021): Found 2 design units, including 1 entities, in source file counter.vhd
    Info (12022): Found design unit 1: counter-rtl File: C:/Users/Luca Fumarola/Desktop/RS232/UART/UART/counter.vhd Line: 17
    Info (12023): Found entity 1: counter File: C:/Users/Luca Fumarola/Desktop/RS232/UART/UART/counter.vhd Line: 6
Info (12021): Found 2 design units, including 1 entities, in source file bi.vhd
    Info (12022): Found design unit 1: BI-rtl File: C:/Users/Luca Fumarola/Desktop/RS232/UART/UART/BI.vhd Line: 31
    Info (12023): Found entity 1: BI File: C:/Users/Luca Fumarola/Desktop/RS232/UART/UART/BI.vhd Line: 4
Info (12021): Found 2 design units, including 1 entities, in source file uart.vhd
    Info (12022): Found design unit 1: UART-behaviour File: C:/Users/Luca Fumarola/Desktop/RS232/UART/UART/UART.vhd Line: 18
    Info (12023): Found entity 1: UART File: C:/Users/Luca Fumarola/Desktop/RS232/UART/UART/UART.vhd Line: 4
Info (12127): Elaborating entity "UART" for the top level hierarchy
Info (12128): Elaborating entity "RX" for hierarchy "RX:RX_definition" File: C:/Users/Luca Fumarola/Desktop/RS232/UART/UART/UART.vhd Line: 105
Info (12128): Elaborating entity "datapath_rx" for hierarchy "RX:RX_definition|datapath_rx:label_datapath_rx" File: C:/Users/Luca Fumarola/Desktop/RS232/UART/UART/RX.vhd Line: 51
Info (12128): Elaborating entity "sipo_8" for hierarchy "RX:RX_definition|datapath_rx:label_datapath_rx|sipo_8:samples_reg" File: C:/Users/Luca Fumarola/Desktop/RS232/UART/UART/datapath_rx.vhd Line: 67
Info (12128): Elaborating entity "sipo_10" for hierarchy "RX:RX_definition|datapath_rx:label_datapath_rx|sipo_10:data_reg" File: C:/Users/Luca Fumarola/Desktop/RS232/UART/UART/datapath_rx.vhd Line: 69
Info (12128): Elaborating entity "counter_10" for hierarchy "RX:RX_definition|datapath_rx:label_datapath_rx|counter_10:cnt0" File: C:/Users/Luca Fumarola/Desktop/RS232/UART/UART/datapath_rx.vhd Line: 71
Info (12128): Elaborating entity "counter_16" for hierarchy "RX:RX_definition|datapath_rx:label_datapath_rx|counter_16:cnt1" File: C:/Users/Luca Fumarola/Desktop/RS232/UART/UART/datapath_rx.vhd Line: 73
Info (12128): Elaborating entity "counter_wait" for hierarchy "RX:RX_definition|datapath_rx:label_datapath_rx|counter_wait:cnt2" File: C:/Users/Luca Fumarola/Desktop/RS232/UART/UART/datapath_rx.vhd Line: 75
Info (12128): Elaborating entity "counter_8" for hierarchy "RX:RX_definition|datapath_rx:label_datapath_rx|counter_8:cnt3" File: C:/Users/Luca Fumarola/Desktop/RS232/UART/UART/datapath_rx.vhd Line: 77
Info (12128): Elaborating entity "fsm_rx" for hierarchy "RX:RX_definition|fsm_rx:label_fsm_rx" File: C:/Users/Luca Fumarola/Desktop/RS232/UART/UART/RX.vhd Line: 54
Info (12128): Elaborating entity "TX" for hierarchy "TX:TX_definition" File: C:/Users/Luca Fumarola/Desktop/RS232/UART/UART/UART.vhd Line: 107
Info (12128): Elaborating entity "datapath" for hierarchy "TX:TX_definition|datapath:label_datapath" File: C:/Users/Luca Fumarola/Desktop/RS232/UART/UART/TX.vhd Line: 41
Info (12128): Elaborating entity "shift_10_bits" for hierarchy "TX:TX_definition|datapath:label_datapath|shift_10_bits:shift_register" File: C:/Users/Luca Fumarola/Desktop/RS232/UART/UART/datapath.vhd Line: 47
Info (12128): Elaborating entity "counter" for hierarchy "TX:TX_definition|datapath:label_datapath|counter:count" File: C:/Users/Luca Fumarola/Desktop/RS232/UART/UART/datapath.vhd Line: 49
Info (12128): Elaborating entity "counter_fsm" for hierarchy "TX:TX_definition|datapath:label_datapath|counter_fsm:count_fsm" File: C:/Users/Luca Fumarola/Desktop/RS232/UART/UART/datapath.vhd Line: 51
Info (12128): Elaborating entity "fsm" for hierarchy "TX:TX_definition|fsm:label_fsm" File: C:/Users/Luca Fumarola/Desktop/RS232/UART/UART/TX.vhd Line: 43
Info (12128): Elaborating entity "BI" for hierarchy "BI:BI_definition" File: C:/Users/Luca Fumarola/Desktop/RS232/UART/UART/UART.vhd Line: 109
Info (12128): Elaborating entity "datapath_bi" for hierarchy "BI:BI_definition|datapath_bi:label_datapath_bi" File: C:/Users/Luca Fumarola/Desktop/RS232/UART/UART/BI.vhd Line: 80
Info (12128): Elaborating entity "pipeline_reg_8_bits" for hierarchy "BI:BI_definition|datapath_bi:label_datapath_bi|pipeline_reg_8_bits:pipe_reg" File: C:/Users/Luca Fumarola/Desktop/RS232/UART/UART/datapath_bi.vhd Line: 46
Info (12128): Elaborating entity "mux_2_to_1_8_bits" for hierarchy "BI:BI_definition|datapath_bi:label_datapath_bi|mux_2_to_1_8_bits:out_mux" File: C:/Users/Luca Fumarola/Desktop/RS232/UART/UART/datapath_bi.vhd Line: 48
Info (12128): Elaborating entity "fsm_bi" for hierarchy "BI:BI_definition|fsm_bi:label_fsm_bi" File: C:/Users/Luca Fumarola/Desktop/RS232/UART/UART/BI.vhd Line: 83
Info (12128): Elaborating entity "Memory" for hierarchy "Memory:Memory_definition" File: C:/Users/Luca Fumarola/Desktop/RS232/UART/UART/UART.vhd Line: 111
Info (12128): Elaborating entity "PIPO_8" for hierarchy "Memory:Memory_definition|PIPO_8:TX_REG" File: C:/Users/Luca Fumarola/Desktop/RS232/UART/UART/Memory.vhd Line: 59
Info (12128): Elaborating entity "PIPO_2" for hierarchy "Memory:Memory_definition|PIPO_2:CTRL_REG" File: C:/Users/Luca Fumarola/Desktop/RS232/UART/UART/Memory.vhd Line: 63
Info (12128): Elaborating entity "FF" for hierarchy "Memory:Memory_definition|FF:FF_RX_FULL" File: C:/Users/Luca Fumarola/Desktop/RS232/UART/UART/Memory.vhd Line: 65
Info: Quartus Prime Analysis & Elaboration was successful. 0 errors, 1 warning
    Info: Peak virtual memory: 4830 megabytes
    Info: Processing ended: Thu Jan 07 22:06:27 2021
    Info: Elapsed time: 00:00:14
    Info: Total CPU time (on all processors): 00:00:28


